This file contains any messages produced by compilers while
running configure, to aid debugging if configure makes a mistake.

It was created by configure, which was
generated by GNU Autoconf 2.69.  Invocation command line was

  $ ./configure 

## --------- ##
## Platform. ##
## --------- ##

hostname = arch
uname -m = x86_64
uname -r = 6.7.3-arch1-2
uname -s = Linux
uname -v = #1 SMP PREEMPT_DYNAMIC Fri, 02 Feb 2024 17:03:55 +0000

/usr/bin/uname -p = unknown
/bin/uname -X     = unknown

/bin/arch              = unknown
/usr/bin/arch -k       = unknown
/usr/convex/getsysinfo = unknown
/usr/bin/hostinfo      = unknown
/bin/machine           = unknown
/usr/bin/oslevel       = unknown
/bin/universe          = unknown

PATH: /home/carlo/.cargo/bin
PATH: /sbin
PATH: /bin
PATH: /usr/local/sbin
PATH: /usr/local/bin
PATH: /usr/bin
PATH: /usr/sbin
PATH: /var/lib/flatpak/exports/bin
PATH: /usr/lib/jvm/default/bin
PATH: /usr/bin/site_perl
PATH: /usr/bin/vendor_perl
PATH: /usr/bin/core_perl
PATH: /home/carlo/.cargo/env
PATH: /home/carlo/.local/bin
PATH: /home/carlo/scripts
PATH: /home/carlo/dev/gh-cli/bin
PATH: /home/carlo/.deno/bin


## ----------- ##
## Core tests. ##
## ----------- ##

configure:2583: checking build system type
configure:2597: result: x86_64-unknown-linux-gnu
configure:2617: checking host system type
configure:2630: result: x86_64-unknown-linux-gnu
configure:2650: checking target system type
configure:2663: result: x86_64-unknown-linux-gnu
configure:2857: checking for gcc
configure:2873: found /sbin/gcc
configure:2884: result: gcc
configure:3113: checking for C compiler version
configure:3122: gcc --version >&5
gcc (GCC) 13.2.1 20230801
Copyright (C) 2023 Free Software Foundation, Inc.
This is free software; see the source for copying conditions.  There is NO
warranty; not even for MERCHANTABILITY or FITNESS FOR A PARTICULAR PURPOSE.

configure:3133: $? = 0
configure:3122: gcc -v >&5
Using built-in specs.
COLLECT_GCC=gcc
COLLECT_LTO_WRAPPER=/usr/lib/gcc/x86_64-pc-linux-gnu/13.2.1/lto-wrapper
Target: x86_64-pc-linux-gnu
Configured with: /build/gcc/src/gcc/configure --enable-languages=ada,c,c++,d,fortran,go,lto,m2,objc,obj-c++ --enable-bootstrap --prefix=/usr --libdir=/usr/lib --libexecdir=/usr/lib --mandir=/usr/share/man --infodir=/usr/share/info --with-bugurl=https://bugs.archlinux.org/ --with-build-config=bootstrap-lto --with-linker-hash-style=gnu --with-system-zlib --enable-__cxa_atexit --enable-cet=auto --enable-checking=release --enable-clocale=gnu --enable-default-pie --enable-default-ssp --enable-gnu-indirect-function --enable-gnu-unique-object --enable-libstdcxx-backtrace --enable-link-serialization=1 --enable-linker-build-id --enable-lto --enable-multilib --enable-plugin --enable-shared --enable-threads=posix --disable-libssp --disable-libstdcxx-pch --disable-werror
Thread model: posix
Supported LTO compression algorithms: zlib zstd
gcc version 13.2.1 20230801 (GCC) 
configure:3133: $? = 0
configure:3122: gcc -V >&5
gcc: error: unrecognized command-line option '-V'
gcc: fatal error: no input files
compilation terminated.
configure:3133: $? = 1
configure:3122: gcc -qversion >&5
gcc: error: unrecognized command-line option '-qversion'; did you mean '--version'?
gcc: fatal error: no input files
compilation terminated.
configure:3133: $? = 1
configure:3153: checking whether the C compiler works
configure:3175: gcc    conftest.c  >&5
configure:3179: $? = 0
configure:3227: result: yes
configure:3230: checking for C compiler default output file name
configure:3232: result: a.out
configure:3238: checking for suffix of executables
configure:3245: gcc -o conftest    conftest.c  >&5
configure:3249: $? = 0
configure:3271: result: 
configure:3293: checking whether we are cross compiling
configure:3301: gcc -o conftest    conftest.c  >&5
configure:3305: $? = 0
configure:3312: ./conftest
configure:3316: $? = 0
configure:3331: result: no
configure:3336: checking for suffix of object files
configure:3358: gcc -c   conftest.c >&5
configure:3362: $? = 0
configure:3383: result: o
configure:3387: checking whether we are using the GNU C compiler
configure:3406: gcc -c   conftest.c >&5
configure:3406: $? = 0
configure:3415: result: yes
configure:3424: checking whether gcc accepts -g
configure:3444: gcc -c -g  conftest.c >&5
configure:3444: $? = 0
configure:3485: result: yes
configure:3502: checking for gcc option to accept ISO C89
configure:3565: gcc  -c -g -O2  conftest.c >&5
configure:3565: $? = 0
configure:3578: result: none needed
configure:4206: checking how to print strings
configure:4233: result: printf
configure:4254: checking for a sed that does not truncate output
configure:4318: result: /sbin/sed
configure:4336: checking for grep that handles long lines and -e
configure:4394: result: /sbin/grep
configure:4399: checking for egrep
configure:4461: result: /sbin/grep -E
configure:4466: checking for fgrep
configure:4528: result: /sbin/grep -F
configure:4563: checking for ld used by gcc
configure:4630: result: /sbin/ld
configure:4637: checking if the linker (/sbin/ld) is GNU ld
configure:4652: result: yes
configure:4664: checking for BSD- or MS-compatible name lister (nm)
configure:4713: result: /sbin/nm -B
configure:4843: checking the name lister (/sbin/nm -B) interface
configure:4850: gcc -c -g -O2  conftest.c >&5
configure:4853: /sbin/nm -B "conftest.o"
configure:4856: output
0000000000000000 B some_variable
configure:4863: result: BSD nm
configure:4866: checking whether ln -s works
configure:4870: result: yes
configure:4878: checking the maximum length of command line arguments
configure:5009: result: 1572864
configure:5026: checking whether the shell understands some XSI constructs
configure:5036: result: yes
configure:5040: checking whether the shell understands "+="
configure:5046: result: yes
configure:5081: checking how to convert x86_64-unknown-linux-gnu file names to x86_64-unknown-linux-gnu format
configure:5121: result: func_convert_file_noop
configure:5128: checking how to convert x86_64-unknown-linux-gnu file names to toolchain format
configure:5148: result: func_convert_file_noop
configure:5155: checking for /sbin/ld option to reload object files
configure:5162: result: -r
configure:5236: checking for objdump
configure:5263: result: objdump
configure:5292: checking how to recognize dependent libraries
configure:5490: result: pass_all
configure:5575: checking for dlltool
configure:5602: result: dlltool
configure:5632: checking how to associate runtime and link libraries
configure:5659: result: printf %s\n
configure:5720: checking for ar
configure:5736: found /sbin/ar
configure:5747: result: ar
configure:5784: checking for archiver @FILE support
configure:5801: gcc -c -g -O2  conftest.c >&5
configure:5801: $? = 0
configure:5804: ar cru libconftest.a @conftest.lst >&5
ar: `u' modifier ignored since `D' is the default (see `U')
configure:5807: $? = 0
configure:5812: ar cru libconftest.a @conftest.lst >&5
ar: `u' modifier ignored since `D' is the default (see `U')
ar: conftest.o: No such file or directory
configure:5815: $? = 1
configure:5827: result: @
configure:5885: checking for strip
configure:5901: found /sbin/strip
configure:5912: result: strip
configure:5984: checking for ranlib
configure:6000: found /sbin/ranlib
configure:6011: result: ranlib
configure:6088: checking for gawk
configure:6104: found /sbin/gawk
configure:6115: result: gawk
configure:6155: checking command to parse /sbin/nm -B output from gcc object
configure:6275: gcc -c -g -O2  conftest.c >&5
configure:6278: $? = 0
configure:6282: /sbin/nm -B conftest.o \| sed -n -e 's/^.*[ ]\([ABCDGIRSTW][ABCDGIRSTW]*\)[ ][ ]*\([_A-Za-z][_A-Za-z0-9]*\)$/\1 \2 \2/p' | sed '/ __gnu_lto/d' \> conftest.nm
configure:6285: $? = 0
configure:6351: gcc -o conftest -g -O2   conftest.c conftstm.o >&5
configure:6354: $? = 0
configure:6392: result: ok
configure:6429: checking for sysroot
configure:6459: result: no
configure:6536: gcc -c -g -O2  conftest.c >&5
configure:6539: $? = 0
configure:6728: checking for mt
configure:6758: result: no
configure:6778: checking if : is a manifest tool
configure:6784: : '-?'
configure:6792: result: no
configure:7434: checking how to run the C preprocessor
configure:7465: gcc -E  conftest.c
configure:7465: $? = 0
configure:7479: gcc -E  conftest.c
conftest.c:9:10: fatal error: ac_nonexistent.h: No such file or directory
    9 | #include <ac_nonexistent.h>
      |          ^~~~~~~~~~~~~~~~~~
compilation terminated.
configure:7479: $? = 1
configure: failed program was:
| /* confdefs.h */
| #define PACKAGE_NAME ""
| #define PACKAGE_TARNAME ""
| #define PACKAGE_VERSION ""
| #define PACKAGE_STRING ""
| #define PACKAGE_BUGREPORT ""
| #define PACKAGE_URL ""
| /* end confdefs.h.  */
| #include <ac_nonexistent.h>
configure:7504: result: gcc -E
configure:7524: gcc -E  conftest.c
configure:7524: $? = 0
configure:7538: gcc -E  conftest.c
conftest.c:9:10: fatal error: ac_nonexistent.h: No such file or directory
    9 | #include <ac_nonexistent.h>
      |          ^~~~~~~~~~~~~~~~~~
compilation terminated.
configure:7538: $? = 1
configure: failed program was:
| /* confdefs.h */
| #define PACKAGE_NAME ""
| #define PACKAGE_TARNAME ""
| #define PACKAGE_VERSION ""
| #define PACKAGE_STRING ""
| #define PACKAGE_BUGREPORT ""
| #define PACKAGE_URL ""
| /* end confdefs.h.  */
| #include <ac_nonexistent.h>
configure:7567: checking for ANSI C header files
configure:7587: gcc -c -g -O2  conftest.c >&5
configure:7587: $? = 0
configure:7660: gcc -o conftest -g -O2   conftest.c  >&5
configure:7660: $? = 0
configure:7660: ./conftest
configure:7660: $? = 0
configure:7671: result: yes
configure:7684: checking for sys/types.h
configure:7684: gcc -c -g -O2  conftest.c >&5
configure:7684: $? = 0
configure:7684: result: yes
configure:7684: checking for sys/stat.h
configure:7684: gcc -c -g -O2  conftest.c >&5
configure:7684: $? = 0
configure:7684: result: yes
configure:7684: checking for stdlib.h
configure:7684: gcc -c -g -O2  conftest.c >&5
configure:7684: $? = 0
configure:7684: result: yes
configure:7684: checking for string.h
configure:7684: gcc -c -g -O2  conftest.c >&5
configure:7684: $? = 0
configure:7684: result: yes
configure:7684: checking for memory.h
configure:7684: gcc -c -g -O2  conftest.c >&5
configure:7684: $? = 0
configure:7684: result: yes
configure:7684: checking for strings.h
configure:7684: gcc -c -g -O2  conftest.c >&5
configure:7684: $? = 0
configure:7684: result: yes
configure:7684: checking for inttypes.h
configure:7684: gcc -c -g -O2  conftest.c >&5
configure:7684: $? = 0
configure:7684: result: yes
configure:7684: checking for stdint.h
configure:7684: gcc -c -g -O2  conftest.c >&5
configure:7684: $? = 0
configure:7684: result: yes
configure:7684: checking for unistd.h
configure:7684: gcc -c -g -O2  conftest.c >&5
configure:7684: $? = 0
configure:7684: result: yes
configure:7698: checking for dlfcn.h
configure:7698: gcc -c -g -O2  conftest.c >&5
configure:7698: $? = 0
configure:7698: result: yes
configure:7913: checking for objdir
configure:7928: result: .libs
configure:8195: checking if gcc supports -fno-rtti -fno-exceptions
configure:8213: gcc -c -g -O2  -fno-rtti -fno-exceptions conftest.c >&5
cc1: warning: command-line option '-fno-rtti' is valid for C++/D/ObjC++ but not for C
configure:8217: $? = 0
configure:8230: result: no
configure:8557: checking for gcc option to produce PIC
configure:8564: result: -fPIC -DPIC
configure:8572: checking if gcc PIC flag -fPIC -DPIC works
configure:8590: gcc -c -g -O2  -fPIC -DPIC -DPIC conftest.c >&5
configure:8594: $? = 0
configure:8607: result: yes
configure:8636: checking if gcc static flag -static works
configure:8664: result: yes
configure:8679: checking if gcc supports -c -o file.o
configure:8700: gcc -c -g -O2  -o out/conftest2.o conftest.c >&5
configure:8704: $? = 0
configure:8726: result: yes
configure:8734: checking if gcc supports -c -o file.o
configure:8781: result: yes
configure:8814: checking whether the gcc linker (/sbin/ld -m elf_x86_64) supports shared libraries
configure:9971: result: yes
configure:10008: checking whether -lc should be explicitly linked in
configure:10016: gcc -c -g -O2  conftest.c >&5
configure:10019: $? = 0
configure:10034: gcc -shared  -fPIC -DPIC conftest.o  -v -Wl,-soname -Wl,conftest -o conftest 2\>\&1 \| /sbin/grep  -lc  \>/dev/null 2\>\&1
configure:10037: $? = 0
configure:10051: result: no
configure:10211: checking dynamic linker characteristics
configure:10711: gcc -o conftest -g -O2   -Wl,-rpath -Wl,/foo conftest.c  >&5
configure:10711: $? = 0
configure:10945: result: GNU/Linux ld.so
configure:11052: checking how to hardcode library paths into programs
configure:11077: result: immediate
configure:11617: checking whether stripping libraries is possible
configure:11622: result: yes
configure:11657: checking if libtool supports shared libraries
configure:11659: result: yes
configure:11662: checking whether to build shared libraries
configure:11683: result: yes
configure:11686: checking whether to build static libraries
configure:11690: result: yes
configure:14930: checking for a BSD-compatible install
configure:14998: result: /bin/install -c
configure:15009: checking whether ln -s works
configure:15013: result: yes
configure:15022: checking for ar
configure:15040: found /sbin/ar
configure:15053: result: /sbin/ar
configure:15065: checking whether byte ordering is bigendian
configure:15080: gcc -c -g -O2  conftest.c >&5
conftest.c:22:16: error: unknown type name 'not'
   22 |                not a universal capable compiler
      |                ^~~
conftest.c:22:22: error: expected '=', ',', ';', 'asm' or '__attribute__' before 'universal'
   22 |                not a universal capable compiler
      |                      ^~~~~~~~~
conftest.c:22:22: error: unknown type name 'universal'
configure:15080: $? = 1
configure: failed program was:
| /* confdefs.h */
| #define PACKAGE_NAME ""
| #define PACKAGE_TARNAME ""
| #define PACKAGE_VERSION ""
| #define PACKAGE_STRING ""
| #define PACKAGE_BUGREPORT ""
| #define PACKAGE_URL ""
| #define STDC_HEADERS 1
| #define HAVE_SYS_TYPES_H 1
| #define HAVE_SYS_STAT_H 1
| #define HAVE_STDLIB_H 1
| #define HAVE_STRING_H 1
| #define HAVE_MEMORY_H 1
| #define HAVE_STRINGS_H 1
| #define HAVE_INTTYPES_H 1
| #define HAVE_STDINT_H 1
| #define HAVE_UNISTD_H 1
| #define HAVE_DLFCN_H 1
| #define LT_OBJDIR ".libs/"
| /* end confdefs.h.  */
| #ifndef __APPLE_CC__
| 	       not a universal capable compiler
| 	     #endif
| 	     typedef int dummy;
| 
configure:15125: gcc -c -g -O2  conftest.c >&5
configure:15125: $? = 0
configure:15143: gcc -c -g -O2  conftest.c >&5
conftest.c: In function 'main':
conftest.c:28:18: error: unknown type name 'not'; did you mean 'ino_t'?
   28 |                  not big endian
      |                  ^~~
      |                  ino_t
conftest.c:28:26: error: expected '=', ',', ';', 'asm' or '__attribute__' before 'endian'
   28 |                  not big endian
      |                          ^~~~~~
configure:15143: $? = 1
configure: failed program was:
| /* confdefs.h */
| #define PACKAGE_NAME ""
| #define PACKAGE_TARNAME ""
| #define PACKAGE_VERSION ""
| #define PACKAGE_STRING ""
| #define PACKAGE_BUGREPORT ""
| #define PACKAGE_URL ""
| #define STDC_HEADERS 1
| #define HAVE_SYS_TYPES_H 1
| #define HAVE_SYS_STAT_H 1
| #define HAVE_STDLIB_H 1
| #define HAVE_STRING_H 1
| #define HAVE_MEMORY_H 1
| #define HAVE_STRINGS_H 1
| #define HAVE_INTTYPES_H 1
| #define HAVE_STDINT_H 1
| #define HAVE_UNISTD_H 1
| #define HAVE_DLFCN_H 1
| #define LT_OBJDIR ".libs/"
| /* end confdefs.h.  */
| #include <sys/types.h>
| 		#include <sys/param.h>
| 
| int
| main ()
| {
| #if BYTE_ORDER != BIG_ENDIAN
| 		 not big endian
| 		#endif
| 
|   ;
|   return 0;
| }
configure:15271: result: no
configure:15293: checking for snd_pcm_open in -lasound
configure:15318: gcc -o conftest -g -O2   conftest.c -lasound   >&5
configure:15318: $? = 0
configure:15327: result: yes
configure:15338: checking for HPI_SubSysCreate in -lhpi
configure:15363: gcc -o conftest -g -O2   conftest.c -lhpi -lm  >&5
/sbin/ld: cannot find -lhpi: No such file or directory
collect2: error: ld returned 1 exit status
configure:15363: $? = 1
configure: failed program was:
| /* confdefs.h */
| #define PACKAGE_NAME ""
| #define PACKAGE_TARNAME ""
| #define PACKAGE_VERSION ""
| #define PACKAGE_STRING ""
| #define PACKAGE_BUGREPORT ""
| #define PACKAGE_URL ""
| #define STDC_HEADERS 1
| #define HAVE_SYS_TYPES_H 1
| #define HAVE_SYS_STAT_H 1
| #define HAVE_STDLIB_H 1
| #define HAVE_STRING_H 1
| #define HAVE_MEMORY_H 1
| #define HAVE_STRINGS_H 1
| #define HAVE_INTTYPES_H 1
| #define HAVE_STDINT_H 1
| #define HAVE_UNISTD_H 1
| #define HAVE_DLFCN_H 1
| #define LT_OBJDIR ".libs/"
| /* end confdefs.h.  */
| 
| /* Override any GCC internal prototype to avoid an error.
|    Use char because int might match the return type of a GCC
|    builtin and then its argument prototype would still apply.  */
| #ifdef __cplusplus
| extern "C"
| #endif
| char HPI_SubSysCreate ();
| int
| main ()
| {
| return HPI_SubSysCreate ();
|   ;
|   return 0;
| }
configure:15372: result: no
configure:15387: checking sys/soundcard.h usability
configure:15387: gcc -c -g -O2  conftest.c >&5
configure:15387: $? = 0
configure:15387: result: yes
configure:15387: checking sys/soundcard.h presence
configure:15387: gcc -E  conftest.c
configure:15387: $? = 0
configure:15387: result: yes
configure:15387: checking for sys/soundcard.h
configure:15387: result: yes
configure:15387: checking linux/soundcard.h usability
configure:15387: gcc -c -g -O2  conftest.c >&5
configure:15387: $? = 0
configure:15387: result: yes
configure:15387: checking linux/soundcard.h presence
configure:15387: gcc -E  conftest.c
configure:15387: $? = 0
configure:15387: result: yes
configure:15387: checking for linux/soundcard.h
configure:15387: result: yes
configure:15387: checking machine/soundcard.h usability
configure:15387: gcc -c -g -O2  conftest.c >&5
conftest.c:56:10: fatal error: machine/soundcard.h: No such file or directory
   56 | #include <machine/soundcard.h>
      |          ^~~~~~~~~~~~~~~~~~~~~
compilation terminated.
configure:15387: $? = 1
configure: failed program was:
| /* confdefs.h */
| #define PACKAGE_NAME ""
| #define PACKAGE_TARNAME ""
| #define PACKAGE_VERSION ""
| #define PACKAGE_STRING ""
| #define PACKAGE_BUGREPORT ""
| #define PACKAGE_URL ""
| #define STDC_HEADERS 1
| #define HAVE_SYS_TYPES_H 1
| #define HAVE_SYS_STAT_H 1
| #define HAVE_STDLIB_H 1
| #define HAVE_STRING_H 1
| #define HAVE_MEMORY_H 1
| #define HAVE_STRINGS_H 1
| #define HAVE_INTTYPES_H 1
| #define HAVE_STDINT_H 1
| #define HAVE_UNISTD_H 1
| #define HAVE_DLFCN_H 1
| #define LT_OBJDIR ".libs/"
| #define HAVE_SYS_SOUNDCARD_H 1
| #define HAVE_LINUX_SOUNDCARD_H 1
| /* end confdefs.h.  */
| #include <stdio.h>
| #ifdef HAVE_SYS_TYPES_H
| # include <sys/types.h>
| #endif
| #ifdef HAVE_SYS_STAT_H
| # include <sys/stat.h>
| #endif
| #ifdef STDC_HEADERS
| # include <stdlib.h>
| # include <stddef.h>
| #else
| # ifdef HAVE_STDLIB_H
| #  include <stdlib.h>
| # endif
| #endif
| #ifdef HAVE_STRING_H
| # if !defined STDC_HEADERS && defined HAVE_MEMORY_H
| #  include <memory.h>
| # endif
| # include <string.h>
| #endif
| #ifdef HAVE_STRINGS_H
| # include <strings.h>
| #endif
| #ifdef HAVE_INTTYPES_H
| # include <inttypes.h>
| #endif
| #ifdef HAVE_STDINT_H
| # include <stdint.h>
| #endif
| #ifdef HAVE_UNISTD_H
| # include <unistd.h>
| #endif
| #include <machine/soundcard.h>
configure:15387: result: no
configure:15387: checking machine/soundcard.h presence
configure:15387: gcc -E  conftest.c
conftest.c:23:10: fatal error: machine/soundcard.h: No such file or directory
   23 | #include <machine/soundcard.h>
      |          ^~~~~~~~~~~~~~~~~~~~~
compilation terminated.
configure:15387: $? = 1
configure: failed program was:
| /* confdefs.h */
| #define PACKAGE_NAME ""
| #define PACKAGE_TARNAME ""
| #define PACKAGE_VERSION ""
| #define PACKAGE_STRING ""
| #define PACKAGE_BUGREPORT ""
| #define PACKAGE_URL ""
| #define STDC_HEADERS 1
| #define HAVE_SYS_TYPES_H 1
| #define HAVE_SYS_STAT_H 1
| #define HAVE_STDLIB_H 1
| #define HAVE_STRING_H 1
| #define HAVE_MEMORY_H 1
| #define HAVE_STRINGS_H 1
| #define HAVE_INTTYPES_H 1
| #define HAVE_STDINT_H 1
| #define HAVE_UNISTD_H 1
| #define HAVE_DLFCN_H 1
| #define LT_OBJDIR ".libs/"
| #define HAVE_SYS_SOUNDCARD_H 1
| #define HAVE_LINUX_SOUNDCARD_H 1
| /* end confdefs.h.  */
| #include <machine/soundcard.h>
configure:15387: result: no
configure:15387: checking for machine/soundcard.h
configure:15387: result: no
configure:15398: checking for _oss_ioctl in -lossaudio
configure:15423: gcc -o conftest -g -O2   conftest.c -lossaudio   >&5
/sbin/ld: cannot find -lossaudio: No such file or directory
collect2: error: ld returned 1 exit status
configure:15423: $? = 1
configure: failed program was:
| /* confdefs.h */
| #define PACKAGE_NAME ""
| #define PACKAGE_TARNAME ""
| #define PACKAGE_VERSION ""
| #define PACKAGE_STRING ""
| #define PACKAGE_BUGREPORT ""
| #define PACKAGE_URL ""
| #define STDC_HEADERS 1
| #define HAVE_SYS_TYPES_H 1
| #define HAVE_SYS_STAT_H 1
| #define HAVE_STDLIB_H 1
| #define HAVE_STRING_H 1
| #define HAVE_MEMORY_H 1
| #define HAVE_STRINGS_H 1
| #define HAVE_INTTYPES_H 1
| #define HAVE_STDINT_H 1
| #define HAVE_UNISTD_H 1
| #define HAVE_DLFCN_H 1
| #define LT_OBJDIR ".libs/"
| #define HAVE_SYS_SOUNDCARD_H 1
| #define HAVE_LINUX_SOUNDCARD_H 1
| /* end confdefs.h.  */
| 
| /* Override any GCC internal prototype to avoid an error.
|    Use char because int might match the return type of a GCC
|    builtin and then its argument prototype would still apply.  */
| #ifdef __cplusplus
| extern "C"
| #endif
| char _oss_ioctl ();
| int
| main ()
| {
| return _oss_ioctl ();
|   ;
|   return 0;
| }
configure:15432: result: no
configure:15498: checking for pkg-config
configure:15516: found /sbin/pkg-config
configure:15528: result: /sbin/pkg-config
configure:15553: checking pkg-config is at least version 0.9.0
configure:15556: result: yes
configure:15566: checking for JACK
configure:15573: $PKG_CONFIG --exists --print-errors "jack"
configure:15576: $? = 0
configure:15590: $PKG_CONFIG --exists --print-errors "jack"
configure:15593: $? = 0
configure:15631: result: yes
configure:15643: checking size of short
configure:15648: gcc -o conftest -g -O2   conftest.c  >&5
configure:15648: $? = 0
configure:15648: ./conftest
configure:15648: $? = 0
configure:15662: result: 2
configure:15676: checking size of int
configure:15681: gcc -o conftest -g -O2   conftest.c  >&5
configure:15681: $? = 0
configure:15681: ./conftest
configure:15681: $? = 0
configure:15695: result: 4
configure:15709: checking size of long
configure:15714: gcc -o conftest -g -O2   conftest.c  >&5
configure:15714: $? = 0
configure:15714: ./conftest
configure:15714: $? = 0
configure:15728: result: 8
configure:15740: checking for clock_gettime in -lrt
configure:15765: gcc -o conftest -g -O2   conftest.c -lrt   >&5
configure:15765: $? = 0
configure:15774: result: yes
configure:15785: checking for clock_gettime
configure:15785: gcc -o conftest -g -O2   conftest.c  -lrt >&5
configure:15785: $? = 0
configure:15785: result: yes
configure:15785: checking for nanosleep
configure:15785: gcc -o conftest -g -O2   conftest.c  -lrt >&5
configure:15785: $? = 0
configure:15785: result: yes
configure:16134: checking for pthread_create in -lpthread
configure:16159: gcc -o conftest -g -O2 -DPA_LITTLE_ENDIAN -I$(top_srcdir)/include -I$(top_srcdir)/src/common -I$(top_srcdir)/src/os/unix   conftest.c -lpthread   >&5
configure:16159: $? = 0
configure:16168: result: yes
configure:16404: creating ./config.status

## ---------------------- ##
## Running config.status. ##
## ---------------------- ##

This file was extended by config.status, which was
generated by GNU Autoconf 2.69.  Invocation command line was

  CONFIG_FILES    = 
  CONFIG_HEADERS  = 
  CONFIG_LINKS    = 
  CONFIG_COMMANDS = 
  $ ./config.status 

on arch

config.status:1056: creating Makefile
config.status:1056: creating portaudio-2.0.pc
config.status:1222: executing libtool commands
configure:18761: result:
Configuration summary:

  Target ...................... x86_64-unknown-linux-gnu
  C++ bindings ................ no
  Debug output ................ no
configure:18772: result:
  ALSA ........................ yes
  ASIHPI ...................... no
configure:18811: result:
  OSS ......................... yes
  JACK ........................ yes


## ---------------- ##
## Cache variables. ##
## ---------------- ##

ac_cv_build=x86_64-unknown-linux-gnu
ac_cv_c_bigendian=no
ac_cv_c_compiler_gnu=yes
ac_cv_env_CCC_set=
ac_cv_env_CCC_value=
ac_cv_env_CC_set=
ac_cv_env_CC_value=
ac_cv_env_CFLAGS_set=
ac_cv_env_CFLAGS_value=
ac_cv_env_CPPFLAGS_set=
ac_cv_env_CPPFLAGS_value=
ac_cv_env_CPP_set=
ac_cv_env_CPP_value=
ac_cv_env_CXXCPP_set=
ac_cv_env_CXXCPP_value=
ac_cv_env_CXXFLAGS_set=
ac_cv_env_CXXFLAGS_value=
ac_cv_env_CXX_set=
ac_cv_env_CXX_value=
ac_cv_env_JACK_CFLAGS_set=
ac_cv_env_JACK_CFLAGS_value=
ac_cv_env_JACK_LIBS_set=
ac_cv_env_JACK_LIBS_value=
ac_cv_env_LDFLAGS_set=
ac_cv_env_LDFLAGS_value=
ac_cv_env_LIBS_set=
ac_cv_env_LIBS_value=
ac_cv_env_PKG_CONFIG_LIBDIR_set=
ac_cv_env_PKG_CONFIG_LIBDIR_value=
ac_cv_env_PKG_CONFIG_PATH_set=
ac_cv_env_PKG_CONFIG_PATH_value=
ac_cv_env_PKG_CONFIG_set=
ac_cv_env_PKG_CONFIG_value=
ac_cv_env_build_alias_set=
ac_cv_env_build_alias_value=
ac_cv_env_host_alias_set=
ac_cv_env_host_alias_value=
ac_cv_env_target_alias_set=
ac_cv_env_target_alias_value=
ac_cv_func_clock_gettime=yes
ac_cv_func_nanosleep=yes
ac_cv_header_dlfcn_h=yes
ac_cv_header_inttypes_h=yes
ac_cv_header_linux_soundcard_h=yes
ac_cv_header_machine_soundcard_h=no
ac_cv_header_memory_h=yes
ac_cv_header_stdc=yes
ac_cv_header_stdint_h=yes
ac_cv_header_stdlib_h=yes
ac_cv_header_string_h=yes
ac_cv_header_strings_h=yes
ac_cv_header_sys_soundcard_h=yes
ac_cv_header_sys_stat_h=yes
ac_cv_header_sys_types_h=yes
ac_cv_header_unistd_h=yes
ac_cv_host=x86_64-unknown-linux-gnu
ac_cv_lib_asound_snd_pcm_open=yes
ac_cv_lib_hpi_HPI_SubSysCreate=no
ac_cv_lib_ossaudio__oss_ioctl=no
ac_cv_lib_pthread_pthread_create=yes
ac_cv_lib_rt_clock_gettime=yes
ac_cv_objext=o
ac_cv_path_AR=/sbin/ar
ac_cv_path_EGREP='/sbin/grep -E'
ac_cv_path_FGREP='/sbin/grep -F'
ac_cv_path_GREP=/sbin/grep
ac_cv_path_SED=/sbin/sed
ac_cv_path_ac_pt_PKG_CONFIG=/sbin/pkg-config
ac_cv_path_install='/bin/install -c'
ac_cv_prog_AWK=gawk
ac_cv_prog_CPP='gcc -E'
ac_cv_prog_ac_ct_AR=ar
ac_cv_prog_ac_ct_CC=gcc
ac_cv_prog_ac_ct_DLLTOOL=dlltool
ac_cv_prog_ac_ct_OBJDUMP=objdump
ac_cv_prog_ac_ct_RANLIB=ranlib
ac_cv_prog_ac_ct_STRIP=strip
ac_cv_prog_cc_c89=
ac_cv_prog_cc_g=yes
ac_cv_sizeof_int=4
ac_cv_sizeof_long=8
ac_cv_sizeof_short=2
ac_cv_target=x86_64-unknown-linux-gnu
lt_cv_ar_at_file=@
lt_cv_archive_cmds_need_lc=no
lt_cv_deplibs_check_method=pass_all
lt_cv_file_magic_cmd='$MAGIC_CMD'
lt_cv_file_magic_test_file=
lt_cv_ld_reload_flag=-r
lt_cv_nm_interface='BSD nm'
lt_cv_objdir=.libs
lt_cv_path_LD=/sbin/ld
lt_cv_path_NM='/sbin/nm -B'
lt_cv_path_mainfest_tool=no
lt_cv_prog_compiler_c_o=yes
lt_cv_prog_compiler_pic='-fPIC -DPIC'
lt_cv_prog_compiler_pic_works=yes
lt_cv_prog_compiler_rtti_exceptions=no
lt_cv_prog_compiler_static_works=yes
lt_cv_prog_gnu_ld=yes
lt_cv_sharedlib_from_linklib_cmd='printf %s\n'
lt_cv_shlibpath_overrides_runpath=yes
lt_cv_sys_global_symbol_pipe='sed -n -e '\''s/^.*[	 ]\([ABCDGIRSTW][ABCDGIRSTW]*\)[	 ][	 ]*\([_A-Za-z][_A-Za-z0-9]*\)$/\1 \2 \2/p'\'' | sed '\''/ __gnu_lto/d'\'''
lt_cv_sys_global_symbol_to_c_name_address='sed -n -e '\''s/^: \([^ ]*\)[ ]*$/  {\"\1\", (void *) 0},/p'\'' -e '\''s/^[ABCDGIRSTW]* \([^ ]*\) \([^ ]*\)$/  {"\2", (void *) \&\2},/p'\'''
lt_cv_sys_global_symbol_to_c_name_address_lib_prefix='sed -n -e '\''s/^: \([^ ]*\)[ ]*$/  {\"\1\", (void *) 0},/p'\'' -e '\''s/^[ABCDGIRSTW]* \([^ ]*\) \(lib[^ ]*\)$/  {"\2", (void *) \&\2},/p'\'' -e '\''s/^[ABCDGIRSTW]* \([^ ]*\) \([^ ]*\)$/  {"lib\2", (void *) \&\2},/p'\'''
lt_cv_sys_global_symbol_to_cdecl='sed -n -e '\''s/^T .* \(.*\)$/extern int \1();/p'\'' -e '\''s/^[ABCDGIRSTW]* .* \(.*\)$/extern char \1;/p'\'''
lt_cv_sys_max_cmd_len=1572864
lt_cv_to_host_file_cmd=func_convert_file_noop
lt_cv_to_tool_file_cmd=func_convert_file_noop
pkg_cv_JACK_CFLAGS=-D_REENTRANT
pkg_cv_JACK_LIBS=-ljack

## ----------------- ##
## Output variables. ##
## ----------------- ##

AR='/sbin/ar'
AS='as'
AWK='gawk'
CC='gcc'
CFLAGS='-g -O2 -DPA_LITTLE_ENDIAN -I$(top_srcdir)/include -I$(top_srcdir)/src/common -I$(top_srcdir)/src/os/unix -D_REENTRANT -pthread'
CPP='gcc -E'
CPPFLAGS=''
CXX=''
CXXCPP=''
CXXFLAGS=''
DEFS='-DPACKAGE_NAME=\"\" -DPACKAGE_TARNAME=\"\" -DPACKAGE_VERSION=\"\" -DPACKAGE_STRING=\"\" -DPACKAGE_BUGREPORT=\"\" -DPACKAGE_URL=\"\" -DSTDC_HEADERS=1 -DHAVE_SYS_TYPES_H=1 -DHAVE_SYS_STAT_H=1 -DHAVE_STDLIB_H=1 -DHAVE_STRING_H=1 -DHAVE_MEMORY_H=1 -DHAVE_STRINGS_H=1 -DHAVE_INTTYPES_H=1 -DHAVE_STDINT_H=1 -DHAVE_UNISTD_H=1 -DHAVE_DLFCN_H=1 -DLT_OBJDIR=\".libs/\" -DHAVE_SYS_SOUNDCARD_H=1 -DHAVE_LINUX_SOUNDCARD_H=1 -DSIZEOF_SHORT=2 -DSIZEOF_INT=4 -DSIZEOF_LONG=8 -DHAVE_CLOCK_GETTIME=1 -DHAVE_NANOSLEEP=1 -DPA_USE_ALSA=1 -DPA_USE_JACK=1 -DPA_USE_OSS=1'
DLLTOOL='dlltool'
DLL_LIBS=' -lrt -lasound -ljack -lm -lpthread'
DSYMUTIL=''
DUMPBIN=''
ECHO_C=''
ECHO_N='-n'
ECHO_T=''
EGREP='/sbin/grep -E'
ENABLE_CXX_FALSE=''
ENABLE_CXX_TRUE='#'
EXEEXT=''
FGREP='/sbin/grep -F'
GREP='/sbin/grep'
INCLUDES='portaudio.h pa_linux_alsa.h pa_jack.h'
INSTALL_DATA='${INSTALL} -m 644'
INSTALL_PROGRAM='${INSTALL}'
INSTALL_SCRIPT='${INSTALL}'
JACK_CFLAGS='-D_REENTRANT'
JACK_LIBS='-ljack'
LD='/sbin/ld -m elf_x86_64'
LDFLAGS=''
LIBOBJS=''
LIBS=' -lasound -lm -lpthread'
LIBTOOL='$(SHELL) $(top_builddir)/libtool'
LIPO=''
LN_S='ln -s'
LTLIBOBJS=''
LT_AGE='0'
LT_CURRENT='2'
LT_REVISION='0'
MANIFEST_TOOL=':'
NASM=''
NASMOPT=''
NM='/sbin/nm -B'
NMEDIT=''
OBJDUMP='objdump'
OBJEXT='o'
OTHER_OBJS=' src/hostapi/alsa/pa_linux_alsa.o src/hostapi/jack/pa_jack.o src/common/pa_ringbuffer.o src/hostapi/oss/pa_unix_oss.o src/os/unix/pa_unix_hostapis.o src/os/unix/pa_unix_util.o'
OTOOL64=''
OTOOL=''
PACKAGE_BUGREPORT=''
PACKAGE_NAME=''
PACKAGE_STRING=''
PACKAGE_TARNAME=''
PACKAGE_URL=''
PACKAGE_VERSION=''
PADLL='libportaudio.so'
PATH_SEPARATOR=':'
PKG_CONFIG='/sbin/pkg-config'
PKG_CONFIG_LIBDIR=''
PKG_CONFIG_PATH=''
RANLIB='ranlib'
SED='/sbin/sed'
SHARED_FLAGS='-fPIC'
SHELL='/bin/sh'
STRIP='strip'
THREAD_CFLAGS='-pthread'
WITH_ASIO_FALSE=''
WITH_ASIO_TRUE='@ #'
ac_ct_AR='ar'
ac_ct_CC='gcc'
ac_ct_CXX=''
ac_ct_DUMPBIN=''
bindir='${exec_prefix}/bin'
build='x86_64-unknown-linux-gnu'
build_alias=''
build_cpu='x86_64'
build_os='linux-gnu'
build_vendor='unknown'
datadir='${datarootdir}'
datarootdir='${prefix}/share'
docdir='${datarootdir}/doc/${PACKAGE}'
dvidir='${docdir}'
exec_prefix='${prefix}'
host='x86_64-unknown-linux-gnu'
host_alias=''
host_cpu='x86_64'
host_os='linux-gnu'
host_vendor='unknown'
htmldir='${docdir}'
includedir='${prefix}/include'
infodir='${datarootdir}/info'
libdir='${exec_prefix}/lib'
libexecdir='${exec_prefix}/libexec'
localedir='${datarootdir}/locale'
localstatedir='${prefix}/var'
mandir='${datarootdir}/man'
oldincludedir='/usr/include'
pdfdir='${docdir}'
prefix='/usr/local'
program_transform_name='s,x,x,'
psdir='${docdir}'
runstatedir='${localstatedir}/run'
sbindir='${exec_prefix}/sbin'
sharedstatedir='${prefix}/com'
subdirs=''
sysconfdir='${prefix}/etc'
target='x86_64-unknown-linux-gnu'
target_alias=''
target_cpu='x86_64'
target_os='linux-gnu'
target_vendor='unknown'

## ----------- ##
## confdefs.h. ##
## ----------- ##

/* confdefs.h */
#define PACKAGE_NAME ""
#define PACKAGE_TARNAME ""
#define PACKAGE_VERSION ""
#define PACKAGE_STRING ""
#define PACKAGE_BUGREPORT ""
#define PACKAGE_URL ""
#define STDC_HEADERS 1
#define HAVE_SYS_TYPES_H 1
#define HAVE_SYS_STAT_H 1
#define HAVE_STDLIB_H 1
#define HAVE_STRING_H 1
#define HAVE_MEMORY_H 1
#define HAVE_STRINGS_H 1
#define HAVE_INTTYPES_H 1
#define HAVE_STDINT_H 1
#define HAVE_UNISTD_H 1
#define HAVE_DLFCN_H 1
#define LT_OBJDIR ".libs/"
#define HAVE_SYS_SOUNDCARD_H 1
#define HAVE_LINUX_SOUNDCARD_H 1
#define SIZEOF_SHORT 2
#define SIZEOF_INT 4
#define SIZEOF_LONG 8
#define HAVE_CLOCK_GETTIME 1
#define HAVE_NANOSLEEP 1
#define PA_USE_ALSA 1
#define PA_USE_JACK 1
#define PA_USE_OSS 1

configure: exit 0
